<?xml version="1.0" encoding="UTF-8"?>
<!-- Generated by org.testng.reporters.JUnitXMLReporter -->
<testsuite hostname="USER-PC" name=" Chrome Test" tests="1" failures="1" timestamp="3 Feb 2022 15:33:54 GMT" time="28.105" errors="0">
  <testcase name="tc" time="27.902" classname="org.test.ParallelTestClass">
    <failure type="java.lang.NullPointerException">
      <![CDATA[java.lang.NullPointerException
	at org.test.ParallelTestClass.tc(ParallelTestClass.java:34)
	at java.util.concurrent.FutureTask.run(Unknown Source)
	at java.util.concurrent.ThreadPoolExecutor.runWorker(Unknown Source)
	at java.util.concurrent.ThreadPoolExecutor$Worker.run(Unknown Source)
	at java.lang.Thread.run(Unknown Source)
... Removed 16 stack frames]]>
    </failure>
  </testcase> <!-- tc -->
</testsuite> <!--  Chrome Test -->
