<?xml version="1.0" encoding="UTF-8"?>
<testng-results skipped="0" failed="0" total="1" passed="1">
  <reporter-output>
  </reporter-output>
  <suite name="Default suite" duration-ms="136" started-at="2022-02-06T16:25:39Z" finished-at="2022-02-06T16:25:39Z">
    <groups>
    </groups>
    <test name="Default test" duration-ms="136" started-at="2022-02-06T16:25:39Z" finished-at="2022-02-06T16:25:39Z">
      <class name="org.test.AnnotationsHierachial">
        <test-method status="PASS" signature="beforeSuite()[pri:0, instance:org.test.AnnotationsHierachial@15f7ae5]" name="beforeSuite" is-config="true" duration-ms="16" started-at="2022-02-06T21:55:39Z" finished-at="2022-02-06T21:55:39Z">
          <reporter-output>
          </reporter-output>
        </test-method> <!-- beforeSuite -->
        <test-method status="PASS" signature="beforeTest()[pri:0, instance:org.test.AnnotationsHierachial@15f7ae5]" name="beforeTest" is-config="true" duration-ms="0" started-at="2022-02-06T21:55:39Z" finished-at="2022-02-06T21:55:39Z">
          <reporter-output>
          </reporter-output>
        </test-method> <!-- beforeTest -->
        <test-method status="PASS" signature="beforeClass()[pri:0, instance:org.test.AnnotationsHierachial@15f7ae5]" name="beforeClass" is-config="true" duration-ms="26" started-at="2022-02-06T21:55:39Z" finished-at="2022-02-06T21:55:39Z">
          <reporter-output>
          </reporter-output>
        </test-method> <!-- beforeClass -->
        <test-method status="PASS" signature="beforeMethod()[pri:0, instance:org.test.AnnotationsHierachial@15f7ae5]" name="beforeMethod" is-config="true" duration-ms="2" started-at="2022-02-06T21:55:39Z" finished-at="2022-02-06T21:55:39Z">
          <reporter-output>
          </reporter-output>
        </test-method> <!-- beforeMethod -->
        <test-method status="PASS" signature="f()[pri:0, instance:org.test.AnnotationsHierachial@15f7ae5]" name="f" duration-ms="56" started-at="2022-02-06T21:55:39Z" finished-at="2022-02-06T21:55:39Z">
          <reporter-output>
          </reporter-output>
        </test-method> <!-- f -->
        <test-method status="PASS" signature="afterMethod()[pri:0, instance:org.test.AnnotationsHierachial@15f7ae5]" name="afterMethod" is-config="true" duration-ms="1" started-at="2022-02-06T21:55:39Z" finished-at="2022-02-06T21:55:39Z">
          <reporter-output>
          </reporter-output>
        </test-method> <!-- afterMethod -->
        <test-method status="PASS" signature="afterClass()[pri:0, instance:org.test.AnnotationsHierachial@15f7ae5]" name="afterClass" is-config="true" duration-ms="2" started-at="2022-02-06T21:55:39Z" finished-at="2022-02-06T21:55:39Z">
          <reporter-output>
          </reporter-output>
        </test-method> <!-- afterClass -->
        <test-method status="PASS" signature="afterTest()[pri:0, instance:org.test.AnnotationsHierachial@15f7ae5]" name="afterTest" is-config="true" duration-ms="1" started-at="2022-02-06T21:55:39Z" finished-at="2022-02-06T21:55:39Z">
          <reporter-output>
          </reporter-output>
        </test-method> <!-- afterTest -->
        <test-method status="PASS" signature="afterSuite()[pri:0, instance:org.test.AnnotationsHierachial@15f7ae5]" name="afterSuite" is-config="true" duration-ms="0" started-at="2022-02-06T21:55:39Z" finished-at="2022-02-06T21:55:39Z">
          <reporter-output>
          </reporter-output>
        </test-method> <!-- afterSuite -->
      </class> <!-- org.test.AnnotationsHierachial -->
    </test> <!-- Default test -->
  </suite> <!-- Default suite -->
</testng-results>
